<?xml version="1.0" encoding="UTF-8"?>
<Site BuildName="Win32-MSBuild"
	BuildStamp="20231228-0029-Experimental"
	Name="DESKTOP-Q9AQGD0"
	Generator="ctest-3.28.1"
	CompilerName="C:/Program Files/Microsoft Visual Studio/2022/Community/VC/Tools/MSVC/14.35.32215/bin/Hostx86/x64/cl.exe"
	CompilerVersion="19.35.32216.1"
	OSName="Windows"
	Hostname="DESKTOP-Q9AQGD0"
	OSRelease=" Professional"
	OSVersion=" (Build 22621)"
	OSPlatform="AMD64"
	Is64Bits="1"
	VendorString="GenuineIntel"
	VendorID="Intel Corporation"
	FamilyID="6"
	ModelID="13"
	ProcessorCacheSize="-1"
	NumberOfLogicalCPU="16"
	NumberOfPhysicalCPU="8"
	TotalVirtualMemory="47891"
	TotalPhysicalMemory="16147"
	LogicalProcessorsPerPhysical="2"
	ProcessorClockFrequency="2304"
	>
	<Testing>
		<StartDateTime>Dec 28 15:39 [NON-UTF-8-BYTE-0x8C]rodkowoeuropejski czas stand.</StartDateTime>
		<StartTestTime>1703774354</StartTestTime>
		<TestList/>
		<EndDateTime>Dec 28 15:39 [NON-UTF-8-BYTE-0x8C]rodkowoeuropejski czas stand.</EndDateTime>
		<EndTestTime>1703774354</EndTestTime>
		<ElapsedMinutes>0</ElapsedMinutes>
	</Testing>
</Site>
